SF:src/TCIAlgorithms.jl
DA:1,13
LH:1
LF:1
end_of_record
SF:src/adaptivematmul.jl
DA:1,12
DA:8,6
DA:10,6
DA:11,18
DA:12,214
DA:13,114
DA:14,100
DA:16,120
DA:19,6
DA:21,6
DA:23,6
DA:24,6
DA:25,220
DA:26,110
DA:28,6
DA:35,12
DA:42,6
DA:43,20
DA:44,20
DA:45,40
DA:46,70
DA:47,740
DA:48,628
DA:50,112
DA:51,112
DA:52,226
DA:55,110
DA:56,110
DA:58,2
DA:59,2
DA:60,12
DA:61,12
DA:62,12
DA:64,740
DA:65,120
DA:66,20
DA:67,6
DA:69,14
DA:70,12
DA:71,28
DA:72,110
DA:73,110
DA:74,50
DA:75,6
DA:78,98
DA:83,49
DA:89,49
DA:90,49
DA:91,364
DA:92,0
DA:94,182
DA:96,49
DA:97,33
DA:100,149
DA:102,32
DA:104,11
DA:107,5
DA:114,2
DA:121,1
DA:122,5
DA:123,24
DA:124,16
DA:125,8
DA:127,8
DA:128,32
DA:129,8
DA:130,8
DA:132,32
DA:133,19
DA:135,1
LH:69
LF:70
end_of_record
SF:src/blockstructure.jl
DA:8,4
DA:9,4
DA:10,26
DA:11,17
DA:12,1
DA:15,30
DA:16,3
DA:20,5
DA:22,22
DA:23,26
DA:24,4
DA:26,14
DA:29,0
LH:12
LF:13
end_of_record
SF:src/container.jl
DA:6,47
DA:7,47
DA:8,47
DA:9,47
DA:10,608
DA:11,608
DA:12,94
DA:13,47
DA:17,240
DA:18,268
DA:19,29
DA:21,182
DA:24,0
DA:25,4
DA:29,15
DA:30,15
DA:33,10
DA:34,10
DA:41,15
DA:44,15
DA:47,8
DA:50,4
DA:51,12
DA:59,1
DA:60,1
DA:63,2454
DA:64,2454
DA:67,1
DA:73,1
DA:74,1
DA:75,0
DA:78,1
DA:79,1
DA:80,6
DA:81,3
DA:83,1
DA:84,1
DA:85,1
DA:87,1
DA:94,1
DA:95,4
DA:99,1
DA:104,1
DA:105,1
DA:113,0
DA:114,0
DA:117,0
DA:118,0
DA:121,8
DA:122,8
LH:44
LF:50
end_of_record
SF:src/crossinterpolate.jl
DA:6,231
DA:11,231
DA:12,231
DA:13,231
DA:14,231
DA:17,1
DA:19,125154
DA:20,125154
DA:22,1
DA:23,1
DA:26,327149
DA:31,327149
DA:32,0
DA:35,327149
DA:36,327149
DA:39,327149
DA:43,327149
DA:44,327149
DA:45,327149
DA:46,355925
DA:49,327149
DA:52,327149
DA:59,654304
DA:62,654304
DA:63,49476
DA:66,604828
DA:67,604828
DA:68,604828
DA:69,604828
DA:70,7422974
DA:72,6658365
DA:74,6658365
DA:76,7422974
DA:77,604828
DA:78,604828
DA:80,6818146
DA:82,7422974
DA:83,604828
DA:85,604828
DA:86,2537886
DA:87,1933058
DA:89,604828
DA:92,49476
DA:95,49476
DA:96,118848
DA:97,118848
DA:99,98952
DA:100,49476
DA:103,327152
DA:106,654304
DA:107,327152
DA:114,230
DA:127,0
DA:128,0
DA:131,220
DA:132,220
DA:147,29
DA:163,10
DA:164,10
DA:169,10
DA:170,0
DA:174,10
DA:189,3
DA:196,1
DA:201,458
DA:210,229
DA:211,229
DA:225,458
DA:226,0
DA:231,229
DA:232,458
DA:234,229
DA:239,230
DA:240,230
DA:241,230
DA:243,230
DA:245,85
DA:250,85
DA:251,85
DA:252,0
DA:254,85
DA:257,145
DA:258,0
DA:259,145
DA:260,145
DA:261,2
DA:262,2
DA:263,2
DA:265,2
DA:267,145
DA:271,289
DA:272,1
DA:274,373
DA:277,229
DA:288,20
DA:291,10
DA:292,10
DA:293,230
DA:295,10
DA:298,17
DA:306,8
DA:307,8
DA:317,8
DA:318,8
LH:97
LF:104
end_of_record
SF:src/distribute.jl
DA:4,11
DA:8,11
DA:9,11
DA:12,22
DA:13,11
DA:14,22
DA:15,7
DA:20,22
DA:22,22
DA:23,24
DA:24,250
DA:25,195
DA:27,250
DA:28,65
DA:30,270
DA:31,22
DA:33,11
LH:17
LF:17
end_of_record
SF:src/itensor.jl
DA:11,6
DA:14,6
DA:17,6
DA:21,2
DA:22,2
DA:23,2
DA:24,2
DA:27,0
DA:28,0
DA:34,6
DA:35,6
DA:36,6
DA:37,6
DA:38,6
DA:39,3
DA:40,3
DA:41,6
DA:42,6
DA:46,2
DA:49,1
DA:50,1
DA:56,1
DA:58,1
DA:60,1
DA:61,1
DA:62,1
DA:64,2
DA:73,1
DA:74,0
DA:83,0
DA:85,2
DA:94,1
DA:97,2
DA:99,8
DA:100,34
DA:103,8
DA:104,8
DA:105,8
DA:106,8
DA:109,3
DA:110,3
DA:111,9
DA:112,3
DA:113,3
DA:115,0
DA:116,0
DA:119,3
DA:120,3
DA:121,6
DA:122,3
DA:123,3
DA:124,0
DA:126,3
DA:127,3
DA:128,3
DA:131,3
DA:132,3
DA:139,2
DA:140,1
DA:141,1
DA:142,1
DA:143,1
DA:144,1
DA:145,0
DA:154,0
DA:155,1
DA:158,1
DA:161,6
DA:164,6
DA:165,6
DA:167,6
DA:168,6
DA:174,6
DA:175,4
DA:184,3
DA:185,9
DA:195,6
DA:212,0
DA:213,0
DA:214,0
DA:216,0
DA:217,0
DA:218,0
LH:68
LF:83
end_of_record
SF:src/mul.jl
DA:10,142
DA:18,284
DA:22,142
DA:23,142
DA:24,142
DA:25,142
DA:26,142
DA:27,142
DA:28,142
DA:31,142
DA:34,240
DA:35,120
DA:38,1
DA:40,44
DA:43,22
DA:46,22
DA:49,22
DA:50,22
DA:51,22
DA:54,416
DA:57,150
DA:58,30
DA:60,120
DA:70,16854
DA:71,16854
DA:75,1
DA:84,1
DA:85,1
DA:86,0
DA:88,1
DA:89,1
DA:90,1
DA:91,1
DA:92,1
DA:95,2
DA:99,1
DA:103,1
DA:106,1
DA:109,1
DA:112,1
DA:113,5
DA:114,24
DA:115,16
DA:116,8
DA:118,19
DA:119,1
DA:122,242
DA:125,121
DA:128,121
DA:131,121
DA:134,121
DA:135,121
DA:136,121
DA:138,121
DA:139,121
DA:141,121
DA:142,121
DA:144,121
DA:146,121
DA:148,121
DA:151,0
DA:152,0
LH:59
LF:62
end_of_record
SF:src/patching.jl
DA:6,15
DA:7,15
DA:8,15
DA:12,6
DA:14,0
DA:15,0
DA:16,0
DA:18,0
DA:21,7960
DA:26,1
DA:27,4
DA:28,1
DA:29,1
DA:39,230
DA:43,230
DA:44,460
DA:45,230
DA:48,460
DA:49,230
DA:50,230
DA:52,230
DA:53,175
DA:54,175
DA:55,1
DA:57,349
DA:59,175
DA:60,175
DA:62,55
DA:63,55
DA:64,220
DA:65,220
DA:69,220
DA:70,385
DA:71,55
DA:75,1
DA:76,1
DA:77,1
DA:80,220
DA:81,220
DA:85,220
DA:86,220
DA:87,220
DA:88,220
DA:91,395
DA:92,395
DA:93,395
DA:94,1119
DA:95,1849
DA:96,395
DA:99,1
DA:102,5
DA:103,1
DA:104,2
DA:105,3
DA:106,1
DA:109,4
DA:110,4
DA:111,4
DA:113,4
DA:114,0
DA:117,4
DA:118,8
DA:119,20
DA:120,20
DA:121,20
DA:122,20
DA:124,4
DA:132,175
DA:135,175
DA:136,175
DA:138,2878
DA:139,3053
DA:140,175
DA:142,175
DA:143,350
DA:144,2878
DA:145,2878
DA:146,2367
DA:147,2367
DA:148,2367
DA:149,2367
DA:151,5581
DA:154,175
DA:155,175
DA:156,350
DA:157,2878
DA:158,2878
DA:159,511
DA:160,0
DA:163,5581
DA:164,175
DA:165,175
DA:167,0
DA:170,350
DA:171,2878
DA:172,2367
DA:174,2044
DA:175,1022
DA:176,511
DA:177,5581
DA:179,175
DA:180,175
DA:183,3980
DA:184,3980
DA:188,249
DA:189,249
DA:190,611
DA:191,249
DA:192,0
DA:194,249
DA:198,229
DA:201,229
LH:104
LF:112
end_of_record
SF:src/projectable_evaluator.jl
DA:10,0
DA:11,0
DA:22,0
DA:25,0
DA:29,0
DA:30,0
DA:34,0
DA:37,0
DA:45,0
DA:48,0
DA:51,145
DA:52,145
DA:65,0
DA:72,0
DA:73,0
DA:80,6
DA:85,6
DA:86,0
DA:89,6
DA:90,6
DA:91,6
DA:93,6
DA:99,6
DA:100,18
DA:106,6
DA:107,6
DA:109,6
DA:116,6
DA:124,0
DA:125,0
DA:128,0
DA:129,0
DA:132,0
DA:133,0
DA:136,327150
DA:137,327150
DA:138,327150
DA:139,327150
DA:140,327150
DA:143,327150
DA:146,2
DA:147,2
DA:148,2
DA:149,2
DA:150,2
DA:153,2
DA:157,327149
DA:163,327149
DA:164,327149
DA:165,0
DA:167,327149
DA:168,327149
DA:172,142109
DA:173,142109
DA:177,1
DA:182,1
DA:183,0
DA:185,1
DA:188,1
DA:198,0
DA:201,0
DA:203,136
DA:206,136
DA:207,136
DA:209,11
DA:212,11
DA:213,11
DA:217,866865
DA:219,10
DA:220,10
DA:226,122823
DA:227,122823
DA:230,288955
DA:236,288955
DA:237,0
DA:239,288955
DA:240,288955
DA:241,288955
DA:242,288955
DA:244,288955
DA:247,288955
DA:248,288955
DA:250,288955
DA:253,288955
DA:254,288955
DA:260,288955
DA:261,288955
DA:267,315958
DA:268,261952
DA:271,288955
DA:273,288955
DA:276,136
DA:279,136
DA:280,136
DA:286,26
DA:287,13
DA:288,26
DA:289,13
DA:290,0
DA:292,13
DA:294,13
LH:75
LF:101
end_of_record
SF:src/projector.jl
DA:4,1058064
DA:5,2116128
DA:6,26758939
DA:7,53517878
DA:8,53547274
DA:9,0
DA:13,26788335
DA:14,52459814
DA:15,1058064
DA:20,932527
DA:21,932527
DA:24,1
DA:25,1
DA:28,6669080
DA:29,6919712
DA:30,125140
DA:32,6293308
DA:35,1403076
DA:36,23842723
DA:37,1
DA:39,1
DA:40,1
DA:50,20
DA:51,1
DA:52,0
DA:54,2
DA:55,2
DA:56,2
DA:57,2
DA:58,4
DA:59,4
DA:60,8
DA:61,5
DA:62,1
DA:63,4
DA:64,3
DA:65,1
DA:66,1
DA:68,0
DA:70,6
DA:71,4
DA:72,6
DA:74,2
DA:77,716
DA:78,716
DA:79,716
DA:80,716
DA:81,1432
DA:82,10751
DA:83,21502
DA:84,16666
DA:85,14303
DA:87,2363
DA:89,22581
DA:90,10751
DA:91,20786
DA:93,716
DA:96,123861
DA:97,123861
DA:98,123861
DA:99,247722
DA:100,3127908
DA:101,306806
DA:102,1
DA:104,2821102
DA:105,10534
DA:106,454
DA:108,2810568
DA:111,6131500
DA:112,123406
DA:115,1
DA:117,122826
DA:119,201
DA:120,201
DA:121,402
DA:122,2116
DA:123,133
DA:124,71
DA:127,3960
DA:128,130
DA:131,1207288
DA:132,18366438
DA:133,1207288
DA:134,31462008
DA:135,2
DA:137,30267994
DA:138,1207286
DA:141,605375
DA:142,605375
DA:146,819
DA:149,819
DA:150,819
DA:152,819
DA:154,9297
DA:156,1605
DA:159,819
DA:162,10980962
DA:163,21961924
DA:164,9833175
DA:165,2295574
DA:166,1147787
DA:168,0
DA:181,125157
DA:182,125157
DA:183,125157
DA:184,125157
DA:185,125157
DA:186,3129914
DA:187,312205
DA:189,2817709
DA:190,2817709
DA:192,6134671
DA:193,125157
DA:196,125155
DA:200,38203
DA:201,38212
DA:207,38203
LH:113
LF:117
end_of_record
SF:src/projtensortrain.jl
DA:15,1869
DA:16,1869
DA:17,1869
DA:18,21071
DA:20,40273
DA:21,1869
DA:24,1869
DA:25,0
DA:28,1869
DA:33,431
DA:34,431
DA:35,431
DA:36,431
DA:37,0
DA:39,431
DA:47,2512
DA:50,2512
DA:51,2512
DA:60,28331
DA:63,56662
DA:64,25325
DA:66,3006
DA:70,3006
DA:71,3006
DA:80,1
DA:81,1
DA:84,325
DA:85,325
DA:88,105
DA:91,105
DA:94,16439
DA:95,16439
DA:98,596
DA:101,596
DA:103,596
DA:106,596
DA:109,38201
DA:111,0
DA:112,0
DA:115,0
DA:116,0
DA:119,0
DA:120,0
DA:121,0
DA:124,38201
DA:130,38201
DA:131,0
DA:134,38201
DA:135,38201
DA:136,38201
DA:137,38201
DA:138,38201
DA:141,39974
DA:142,38201
DA:143,38201
DA:146,38201
DA:149,1295
DA:150,2590
DA:151,1295
DA:152,1295
DA:153,1295
DA:156,1330
DA:163,665
DA:166,665
DA:169,212
DA:173,453
DA:174,906
DA:177,453
DA:178,453
DA:179,18
DA:180,18
DA:183,453
DA:188,471
DA:189,471
DA:191,471
DA:192,7492
DA:194,2705
DA:196,1041
DA:197,1041
DA:198,1626
DA:199,331
DA:201,1295
DA:202,1626
DA:203,3746
DA:206,238
DA:209,119
DA:210,119
DA:211,119
DA:214,16
DA:215,16
DA:218,202
DA:221,101
DA:229,89
DA:230,89
DA:233,308
DA:242,154
DA:243,154
DA:244,154
DA:245,154
DA:246,154
DA:264,91
DA:265,91
DA:266,534
DA:267,91
DA:268,1068
DA:269,298
DA:270,298
DA:271,472
DA:272,236
DA:275,236
DA:277,0
DA:279,236
DA:280,977
DA:282,91
DA:283,91
DA:284,263
DA:285,172
DA:286,172
DA:288,91
DA:290,91
DA:293,172
DA:294,172
DA:295,172
DA:296,806
DA:297,634
DA:298,634
DA:299,170
DA:300,170
DA:301,464
DA:302,228
DA:303,228
DA:304,241
DA:305,236
DA:306,236
DA:307,236
DA:308,472
DA:309,472
DA:310,472
DA:312,0
DA:314,634
DA:315,172
DA:318,726
DA:319,726
DA:320,726
DA:323,2112
DA:324,2112
DA:327,236
DA:328,236
DA:335,252
DA:338,126
DA:339,126
DA:340,126
DA:341,1232
DA:344,616
DA:345,72
DA:346,24
DA:347,24
DA:348,24
DA:350,592
DA:351,592
DA:352,592
DA:354,1106
DA:356,126
DA:357,126
DA:358,364
DA:359,602
DA:361,126
DA:362,0
DA:364,126
DA:366,126
DA:369,4
DA:370,4
DA:371,4
DA:372,4
LH:161
LF:174
end_of_record
SF:src/tree.jl
DA:4,116
DA:9,483
DA:12,6
DA:13,6
DA:14,6
DA:17,110
DA:18,110
DA:19,110
DA:23,367
DA:24,367
DA:26,367
DA:29,367
DA:30,367
DA:31,651
DA:33,133
DA:35,133
DA:36,96
DA:39,133
DA:40,183
DA:42,367
DA:48,116
DA:49,116
DA:50,116
DA:51,0
DA:53,7380
DA:54,116
DA:55,0
DA:56,116
DA:57,0
DA:59,116
DA:66,1
DA:67,1
DA:68,1
DA:69,0
DA:71,1
DA:75,0
DA:76,0
DA:77,0
DA:80,0
DA:81,0
DA:82,0
DA:86,132
DA:87,132
DA:89,132
DA:90,248
DA:91,35
DA:92,35
DA:93,34
DA:95,1
DA:97,53
DA:98,131
DA:103,40
DA:106,211
DA:107,211
DA:108,171
DA:109,171
DA:110,171
DA:113,171
DA:114,302
DA:118,6
DA:119,6
DA:120,12
DA:121,28
DA:122,50
DA:123,6
DA:126,40
DA:127,40
DA:130,1
DA:131,1
LH:59
LF:69
end_of_record
SF:src/util.jl
DA:2,2
DA:3,2
DA:4,1
DA:6,1
DA:7,1
DA:10,3548
DA:11,3548
DA:14,22058823
DA:15,22058823
DA:16,22058823
DA:17,1
DA:19,22058822
DA:23,1585682
DA:24,1585682
DA:27,14396011
DA:28,28792022
DA:29,6658366
DA:31,7737645
DA:32,15475290
DA:33,7737645
DA:36,441899
DA:37,441899
DA:40,1
DA:41,3
DA:44,146
DA:45,146
DA:46,146
DA:47,735
DA:48,735
DA:49,745
DA:50,14
DA:52,721
DA:53,1324
DA:54,146
DA:57,14538
DA:59,727
DA:65,727
DA:67,727
DA:69,727
DA:71,727
DA:72,727
DA:74,727
DA:75,727
DA:77,1454
DA:82,1454
DA:88,727
DA:94,1
DA:95,1
DA:96,1
DA:97,1
LH:50
LF:50
end_of_record
