SF:src/TCIAlgorithms.jl
LH:0
LF:0
end_of_record
SF:src/adaptivematmul.jl
DA:1,2
DA:8,1
DA:10,1
DA:11,3
DA:12,6
DA:13,4
DA:14,2
DA:16,5
DA:19,1
DA:21,1
DA:23,1
DA:24,1
DA:25,24
DA:26,12
DA:28,1
DA:35,2
DA:42,1
DA:43,3
DA:44,3
DA:45,6
DA:46,33
DA:47,26
DA:48,12
DA:50,14
DA:51,14
DA:52,30
DA:55,12
DA:56,12
DA:58,2
DA:59,2
DA:60,12
DA:61,12
DA:62,12
DA:64,26
DA:65,63
DA:66,3
DA:67,1
DA:69,2
DA:70,2
DA:71,15
DA:72,12
DA:73,12
DA:74,29
DA:75,1
DA:78,72
DA:83,36
DA:89,36
DA:90,36
DA:91,144
DA:92,0
DA:94,72
DA:96,36
DA:97,28
DA:100,44
DA:102,16
DA:104,4
DA:107,4
DA:114,2
DA:121,1
DA:122,5
DA:123,24
DA:124,16
DA:125,8
DA:127,8
DA:128,32
DA:129,8
DA:130,8
DA:132,32
DA:133,19
DA:135,1
LH:69
LF:70
end_of_record
SF:src/blockstructure.jl
DA:8,4
DA:9,4
DA:10,26
DA:11,17
DA:12,1
DA:15,30
DA:16,3
DA:20,5
DA:22,22
DA:23,26
DA:24,4
DA:26,14
DA:29,0
LH:12
LF:13
end_of_record
SF:src/container.jl
DA:6,12
DA:7,12
DA:8,12
DA:9,12
DA:10,73
DA:11,73
DA:12,24
DA:13,12
DA:17,60
DA:18,68
DA:19,9
DA:21,42
DA:24,0
DA:25,0
DA:29,9
DA:30,9
DA:33,2
DA:34,2
DA:41,0
DA:44,0
DA:47,8
DA:50,4
DA:51,12
DA:59,0
DA:60,0
DA:63,105
DA:64,105
DA:67,0
DA:73,0
DA:74,0
DA:75,0
DA:78,0
DA:79,0
DA:80,0
DA:81,0
DA:83,0
DA:84,0
DA:85,0
DA:87,0
DA:94,0
DA:95,0
DA:99,0
DA:104,0
DA:105,0
DA:113,0
DA:114,0
DA:117,0
DA:118,0
DA:121,5
DA:122,5
LH:23
LF:50
end_of_record
SF:src/crossinterpolate.jl
DA:6,23
DA:11,23
DA:12,23
DA:13,23
DA:14,23
DA:17,1
DA:19,33376
DA:20,33376
DA:22,1
DA:23,1
DA:26,92373
DA:31,92373
DA:32,0
DA:35,92373
DA:36,92373
DA:39,92373
DA:43,92373
DA:44,92373
DA:45,92373
DA:46,100875
DA:49,92373
DA:52,92373
DA:59,184752
DA:62,184752
DA:63,4394
DA:66,180358
DA:67,180358
DA:68,180358
DA:69,180358
DA:70,3607088
DA:72,3446775
DA:74,3446775
DA:76,3607088
DA:77,180358
DA:78,180358
DA:80,3426730
DA:82,3607088
DA:83,180358
DA:85,180358
DA:86,722376
DA:87,542018
DA:89,180358
DA:92,4394
DA:95,4394
DA:96,8329
DA:97,8329
DA:99,8788
DA:100,4394
DA:103,92376
DA:106,184752
DA:107,92376
DA:114,22
DA:127,0
DA:128,0
DA:131,20
DA:132,20
DA:147,5
DA:163,2
DA:164,2
DA:169,2
DA:170,0
DA:174,2
DA:189,3
DA:196,1
DA:201,42
DA:210,21
DA:211,21
DA:225,42
DA:226,0
DA:231,21
DA:232,42
DA:234,21
DA:239,22
DA:240,22
DA:241,22
DA:243,22
DA:245,0
DA:250,0
DA:251,0
DA:252,0
DA:254,0
DA:257,22
DA:258,0
DA:259,22
DA:260,22
DA:261,0
DA:262,0
DA:263,0
DA:265,0
DA:267,22
DA:271,43
DA:272,1
DA:274,42
DA:277,21
DA:288,4
DA:291,2
DA:292,2
DA:293,22
DA:295,2
DA:298,0
DA:306,0
DA:307,0
DA:317,0
DA:318,0
LH:84
LF:104
end_of_record
SF:src/distribute.jl
DA:4,3
DA:8,3
DA:9,3
DA:12,6
DA:13,3
DA:14,6
DA:15,3
DA:20,6
DA:22,6
DA:23,8
DA:24,42
DA:25,37
DA:27,42
DA:28,15
DA:30,62
DA:31,6
DA:33,3
LH:17
LF:17
end_of_record
SF:src/mul.jl
DA:10,35
DA:18,70
DA:22,35
DA:23,35
DA:24,35
DA:25,35
DA:26,35
DA:27,35
DA:28,35
DA:31,35
DA:34,0
DA:35,0
DA:38,0
DA:40,44
DA:43,22
DA:46,22
DA:49,22
DA:50,22
DA:51,22
DA:54,56
DA:57,23
DA:58,10
DA:60,13
DA:63,0
DA:64,0
DA:68,6480
DA:69,6480
DA:73,0
DA:82,0
DA:83,0
DA:84,0
DA:86,0
DA:87,0
DA:88,0
DA:89,0
DA:90,0
DA:93,0
DA:97,0
DA:101,0
DA:104,0
DA:107,0
DA:110,0
DA:111,0
DA:112,0
DA:113,0
DA:114,0
DA:116,0
DA:117,0
DA:120,46
DA:123,23
DA:126,23
DA:129,23
DA:132,23
DA:133,23
DA:134,23
DA:136,23
DA:137,23
DA:139,23
DA:140,23
DA:142,23
DA:144,23
DA:146,23
DA:149,0
DA:150,0
LH:36
LF:64
end_of_record
SF:src/patching.jl
DA:6,9
DA:7,9
DA:8,9
DA:12,1
DA:14,0
DA:15,0
DA:16,0
DA:18,0
DA:21,360
DA:26,1
DA:27,4
DA:28,1
DA:29,1
DA:39,22
DA:43,22
DA:44,44
DA:45,22
DA:48,44
DA:49,22
DA:50,22
DA:52,22
DA:53,17
DA:54,17
DA:55,1
DA:57,33
DA:59,17
DA:60,17
DA:62,5
DA:63,5
DA:64,20
DA:65,20
DA:69,20
DA:70,35
DA:71,5
DA:75,1
DA:76,1
DA:77,1
DA:80,20
DA:81,20
DA:85,20
DA:86,20
DA:87,20
DA:88,20
DA:91,37
DA:92,37
DA:93,37
DA:94,68
DA:95,100
DA:96,37
DA:99,0
DA:102,0
DA:103,0
DA:104,0
DA:105,0
DA:106,0
DA:109,4
DA:110,4
DA:111,4
DA:113,4
DA:114,0
DA:117,4
DA:118,8
DA:119,20
DA:120,20
DA:121,20
DA:122,20
DA:124,4
DA:132,17
DA:135,17
DA:136,17
DA:138,644
DA:139,661
DA:140,17
DA:142,17
DA:143,34
DA:144,644
DA:145,644
DA:146,612
DA:147,612
DA:148,612
DA:149,612
DA:151,1271
DA:154,17
DA:155,17
DA:156,34
DA:157,644
DA:158,644
DA:159,32
DA:160,0
DA:163,1271
DA:164,17
DA:165,17
DA:167,0
DA:170,34
DA:171,644
DA:172,612
DA:174,128
DA:175,64
DA:176,32
DA:177,1271
DA:179,17
DA:180,17
DA:183,0
DA:184,0
DA:188,53
DA:189,233
DA:190,53
DA:191,195
DA:192,53
DA:193,0
DA:195,53
DA:199,33
DA:202,33
LH:97
LF:113
end_of_record
SF:src/projectable_evaluator.jl
DA:10,0
DA:11,0
DA:22,0
DA:25,0
DA:29,0
DA:30,0
DA:34,0
DA:37,0
DA:45,0
DA:48,0
DA:51,22
DA:52,22
DA:65,0
DA:72,0
DA:73,0
DA:80,1
DA:85,1
DA:86,0
DA:89,1
DA:90,1
DA:91,1
DA:93,1
DA:99,1
DA:100,1
DA:103,2
DA:106,1
DA:114,0
DA:115,0
DA:118,0
DA:119,0
DA:122,0
DA:123,0
DA:126,92373
DA:127,92373
DA:128,92373
DA:129,92373
DA:130,92373
DA:133,92373
DA:136,0
DA:137,0
DA:138,0
DA:139,0
DA:140,0
DA:143,0
DA:147,92373
DA:153,92373
DA:154,92373
DA:155,0
DA:157,92373
DA:158,92373
DA:162,39962
DA:163,39962
DA:167,0
DA:172,0
DA:173,0
DA:175,0
DA:178,0
DA:188,0
DA:191,0
DA:193,20
DA:196,20
DA:198,3
DA:201,3
DA:205,277119
DA:207,3
DA:208,3
DA:214,33376
DA:215,33376
DA:218,92373
DA:224,92373
DA:225,0
DA:227,92373
DA:228,92373
DA:229,92373
DA:230,92373
DA:232,92373
DA:235,92373
DA:236,92373
DA:238,92373
DA:241,92373
DA:242,92373
DA:248,92373
DA:249,92373
DA:255,100875
DA:256,83871
DA:259,92373
DA:261,92373
DA:264,20
DA:267,20
DA:273,10
DA:274,5
DA:275,10
DA:276,5
DA:277,0
DA:279,5
DA:281,5
LH:60
LF:96
end_of_record
SF:src/projector.jl
DA:4,316216
DA:5,632432
DA:6,12626310
DA:7,25252620
DA:8,25255378
DA:9,0
DA:13,12629068
DA:14,24936404
DA:15,316216
DA:20,282274
DA:21,282274
DA:24,0
DA:25,0
DA:28,2772633
DA:29,2840449
DA:30,33727
DA:32,2671090
DA:35,386576
DA:36,11105337
DA:38,0
DA:39,0
DA:49,17
DA:50,1
DA:51,0
DA:53,2
DA:54,2
DA:55,2
DA:56,2
DA:57,4
DA:58,4
DA:59,8
DA:60,5
DA:61,1
DA:62,4
DA:63,3
DA:64,1
DA:65,1
DA:67,0
DA:69,6
DA:70,4
DA:71,6
DA:73,2
DA:76,119
DA:77,119
DA:78,119
DA:79,119
DA:80,238
DA:81,954
DA:82,1908
DA:83,1308
DA:84,1063
DA:86,245
DA:88,1662
DA:89,954
DA:90,1789
DA:92,119
DA:95,33600
DA:96,33600
DA:97,33600
DA:98,67200
DA:99,1333095
DA:100,56944
DA:101,1
DA:103,1276151
DA:104,1205
DA:105,163
DA:107,1274946
DA:110,2632426
DA:111,33436
DA:114,0
DA:116,33377
DA:118,74
DA:119,74
DA:120,148
DA:121,160
DA:122,92
DA:123,51
DA:126,195
DA:127,23
DA:130,365580
DA:131,8011617
DA:132,365580
DA:133,14703348
DA:134,2
DA:136,14339980
DA:137,365578
DA:140,189898
DA:141,189898
DA:144,79
DA:147,79
DA:148,79
DA:150,79
DA:152,255
DA:154,3
DA:157,79
DA:160,5033605
DA:161,10067210
DA:162,4812400
DA:163,442410
DA:164,221205
DA:166,0
DA:178,33379
DA:179,33379
DA:180,33379
DA:181,33379
DA:182,1331778
DA:183,56846
DA:185,1274932
DA:186,1274932
DA:188,2630177
DA:189,33379
DA:192,33377
DA:196,4
DA:197,10
DA:203,4
LH:106
LF:115
end_of_record
SF:src/projtensortrain.jl
DA:15,427
DA:16,427
DA:17,427
DA:18,2019
DA:20,3611
DA:21,427
DA:24,427
DA:25,0
DA:28,427
DA:33,136
DA:34,136
DA:35,136
DA:36,136
DA:37,0
DA:39,136
DA:47,598
DA:50,598
DA:51,598
DA:52,5180
DA:53,2299
DA:55,291
DA:59,291
DA:60,291
DA:61,0
DA:63,4582
DA:64,598
DA:72,0
DA:73,0
DA:76,115
DA:77,115
DA:80,20
DA:83,20
DA:86,1632
DA:87,1632
DA:90,77
DA:93,77
DA:95,77
DA:98,77
DA:101,2
DA:103,0
DA:104,0
DA:107,0
DA:108,0
DA:111,0
DA:112,0
DA:113,0
DA:116,2
DA:122,2
DA:123,0
DA:126,2
DA:127,2
DA:128,2
DA:129,2
DA:130,2
DA:133,2
DA:134,2
DA:135,2
DA:138,2
DA:141,480
DA:142,960
DA:143,480
DA:144,480
DA:145,480
DA:148,394
DA:155,197
DA:158,197
DA:161,35
DA:165,162
DA:166,324
DA:169,162
DA:170,162
DA:171,18
DA:172,18
DA:175,162
DA:180,180
DA:181,180
DA:183,180
DA:184,1244
DA:186,361
DA:188,261
DA:189,261
DA:190,522
DA:191,42
DA:193,480
DA:194,522
DA:195,622
DA:198,68
DA:201,34
DA:202,34
DA:203,34
DA:206,6
DA:207,6
DA:210,32
DA:213,16
DA:221,0
DA:222,0
DA:225,114
DA:234,57
DA:235,57
DA:236,57
DA:237,57
DA:238,57
DA:256,6
DA:257,6
DA:258,24
DA:259,6
DA:260,48
DA:261,16
DA:262,16
DA:263,16
DA:264,8
DA:267,8
DA:269,0
DA:271,8
DA:272,42
DA:274,6
DA:275,6
DA:276,14
DA:277,8
DA:278,8
DA:280,6
DA:283,8
DA:284,8
DA:285,8
DA:286,30
DA:287,22
DA:288,22
DA:289,6
DA:290,6
DA:291,16
DA:292,8
DA:293,8
DA:294,13
DA:295,8
DA:296,8
DA:297,8
DA:298,16
DA:299,16
DA:300,16
DA:302,0
DA:304,22
DA:305,8
DA:308,161
DA:309,161
DA:310,161
DA:313,403
DA:314,403
DA:317,8
DA:318,8
DA:325,114
DA:328,57
DA:329,57
DA:330,57
DA:331,420
DA:334,210
DA:335,72
DA:336,24
DA:337,24
DA:338,24
DA:340,186
DA:341,186
DA:342,186
DA:344,363
DA:346,57
DA:347,57
DA:348,96
DA:349,135
DA:351,57
DA:352,0
DA:354,57
DA:356,57
DA:359,4
DA:360,4
DA:361,4
DA:362,4
LH:157
LF:175
end_of_record
SF:src/tree.jl
DA:4,90
DA:9,163
DA:12,6
DA:13,6
DA:14,6
DA:17,84
DA:18,84
DA:19,84
DA:23,73
DA:24,73
DA:26,73
DA:29,73
DA:30,73
DA:31,87
DA:33,109
DA:35,109
DA:36,80
DA:39,109
DA:40,159
DA:42,73
DA:48,18
DA:49,18
DA:50,18
DA:51,0
DA:53,36
DA:54,18
DA:55,0
DA:56,18
DA:57,0
DA:59,18
DA:66,1
DA:67,1
DA:68,1
DA:69,0
DA:71,1
DA:75,0
DA:76,0
DA:77,0
DA:80,0
DA:81,0
DA:82,0
DA:86,34
DA:87,34
DA:89,34
DA:90,52
DA:91,35
DA:92,35
DA:93,34
DA:95,1
DA:97,53
DA:98,33
DA:103,8
DA:106,103
DA:107,103
DA:108,95
DA:109,95
DA:110,95
DA:113,95
DA:114,182
DA:118,1
DA:119,1
DA:120,2
DA:121,15
DA:122,29
DA:123,1
DA:126,8
DA:127,8
DA:130,0
DA:131,0
LH:57
LF:69
end_of_record
SF:src/util.jl
DA:2,0
DA:3,0
DA:4,0
DA:6,0
DA:7,0
DA:10,510
DA:11,510
DA:14,9988320
DA:15,9988320
DA:16,9988320
DA:17,0
DA:19,9988320
DA:23,438917
DA:24,438917
DA:27,6364720
DA:28,12729440
DA:29,3446775
DA:31,2917945
DA:32,5835890
DA:33,2917945
DA:36,79265
DA:37,79265
DA:40,0
DA:41,0
DA:44,23
DA:45,23
DA:46,23
DA:47,120
DA:48,120
DA:49,130
DA:50,5
DA:52,115
DA:53,217
DA:54,23
DA:57,3238
DA:59,162
DA:65,162
DA:67,162
DA:69,162
DA:71,162
DA:72,162
DA:74,162
DA:75,162
DA:77,162
DA:82,162
DA:88,162
DA:93,0
DA:94,0
DA:95,0
DA:96,0
LH:38
LF:50
end_of_record
